\BOOKMARK [0][-]{chapter.1}{Aufgabenstellung}{}
\BOOKMARK [1][-]{section.1.1}{Einf\374hrung}{chapter.1}
\BOOKMARK [0][-]{chapter.2}{Web Framework}{}
\BOOKMARK [1][-]{section.2.1}{Django}{chapter.2}
\BOOKMARK [1][-]{section.2.2}{Klassen}{chapter.2}
\BOOKMARK [1][-]{section.2.3}{OR-Mapping}{chapter.2}
\BOOKMARK [1][-]{section.2.4}{Administration}{chapter.2}
\BOOKMARK [0][-]{chapter.3}{Implementierung}{}
\BOOKMARK [1][-]{section.3.1}{Views}{chapter.3}
\BOOKMARK [1][-]{section.3.2}{URL-Dispatching}{chapter.3}
\BOOKMARK [1][-]{section.3.3}{Django App}{chapter.3}
\BOOKMARK [0][-]{chapter.4}{Zugangsmechanismus}{}
\BOOKMARK [1][-]{section.4.1}{User-Authentifikation}{chapter.4}
\BOOKMARK [1][-]{section.4.2}{Admin-Bereich f\374r das User-Management}{chapter.4}
\BOOKMARK [1][-]{section.4.3}{Login-Werkzeug von Django}{chapter.4}
\BOOKMARK [1][-]{section.4.4}{Logout bei Django}{chapter.4}
\BOOKMARK [1][-]{section.4.5}{Registrierung}{chapter.4}
\BOOKMARK [1][-]{section.4.6}{Passwort vergessen}{chapter.4}
\BOOKMARK [0][-]{chapter.5}{Hilfsskripte}{}
\BOOKMARK [1][-]{section.5.1}{Auslesen der Mannschaften}{chapter.5}
\BOOKMARK [1][-]{section.5.2}{Auslesen der Spiel-Ergebnisse}{chapter.5}
\BOOKMARK [0][-]{chapter.6}{Darstellung der Anwendung}{}
\BOOKMARK [1][-]{section.6.1}{Django Templatesprache}{chapter.6}
\BOOKMARK [0][-]{chapter.7}{Fazit}{}
